<?xml version="1.0" encoding="UTF-8"?>
<testsuite name="com.javaciv.TestJeu" tests="1" skipped="0" failures="0" errors="0" timestamp="2024-04-24T14:19:44" hostname="MacBook-Pro-de-Theo.local" time="0.034">
  <properties/>
  <testcase name="test()" classname="com.javaciv.TestJeu" time="0.034"/>
  <system-out><![CDATA[]]></system-out>
  <system-err><![CDATA[]]></system-err>
</testsuite>
